-------------------------------------------------------------------------------
Test set: de.leuphana.connector.OrderRestConnectorProviderTest
-------------------------------------------------------------------------------
Tests run: 1, Failures: 1, Errors: 0, Skipped: 0, Time elapsed: 0.026 s <<< FAILURE! - in de.leuphana.connector.OrderRestConnectorProviderTest
test  Time elapsed: 0.022 s  <<< FAILURE!
org.opentest4j.AssertionFailedError: Not yet implemented
	at de.leuphana.connector.OrderRestConnectorProviderTest.test(OrderRestConnectorProviderTest.java:11)

