-------------------------------------------------------------------------------
Test set: de.leuphana.connector.ArticleRestConnectorRequesterTest
-------------------------------------------------------------------------------
Tests run: 1, Failures: 1, Errors: 0, Skipped: 0, Time elapsed: 0 s <<< FAILURE! - in de.leuphana.connector.ArticleRestConnectorRequesterTest
test  Time elapsed: 0 s  <<< FAILURE!
org.opentest4j.AssertionFailedError: Not yet implemented
	at de.leuphana.connector.ArticleRestConnectorRequesterTest.test(ArticleRestConnectorRequesterTest.java:11)

