<?xml version="1.0" encoding="UTF-8"?>
<testsuite xmlns:xsi="http://www.w3.org/2001/XMLSchema-instance" xsi:noNamespaceSchemaLocation="https://maven.apache.org/surefire/maven-surefire-plugin/xsd/surefire-test-report.xsd" name="de.leuphana.connector.ShopJPAConnectorTest" time="1.565" tests="3" errors="0" skipped="0" failures="0">
  <properties>
[...]
</properties>
  <testcase name="canShopAccessOrderMicroService" classname="de.leuphana.connector.ShopJPAConnectorTest" time="0.464"/>
  <testcase name="canShopAccessCustomerMicroService" classname="de.leuphana.connector.ShopJPAConnectorTest" time="1.036"/>
  <testcase name="canShopAccessArticleMicroService" classname="de.leuphana.connector.ShopJPAConnectorTest" time="0.059"/>
</testsuite>