-------------------------------------------------------------------------------
Test set: de.leuphana.DiscoveryServiceTest
-------------------------------------------------------------------------------
Tests run: 1, Failures: 1, Errors: 0, Skipped: 0, Time elapsed: 0.025 s <<< FAILURE! - in de.leuphana.DiscoveryServiceTest
test  Time elapsed: 0.021 s  <<< FAILURE!
org.opentest4j.AssertionFailedError: Not yet implemented
	at de.leuphana.DiscoveryServiceTest.test(DiscoveryServiceTest.java:11)

